<?xml version="1.0" encoding="UTF-8"?>
<coverage generated="1782061609606" clover="3.2.0">
  <project timestamp="1782061609607" name="All files">
    <metrics statements="164" coveredstatements="131" conditionals="115" coveredconditionals="85" methods="59" coveredmethods="44" elements="338" coveredelements="260" complexity="0" loc="164" ncloc="164" packages="2" files="19" classes="19"/>
    <package name="src">
      <metrics statements="64" coveredstatements="39" conditionals="24" coveredconditionals="13" methods="13" coveredmethods="5"/>
      <file name="App.jsx" path="C:\Users\xrc384\Desktop\MyProjects\Carbon Footprint Awareness\src\App.jsx">
        <metrics statements="64" coveredstatements="39" conditionals="24" coveredconditionals="13" methods="13" coveredmethods="5"/>
        <line num="12" count="6" type="stmt"/>
        <line num="13" count="6" type="stmt"/>
        <line num="14" count="6" type="stmt"/>
        <line num="15" count="6" type="stmt"/>
        <line num="16" count="6" type="stmt"/>
        <line num="20" count="6" type="stmt"/>
        <line num="21" count="6" type="stmt"/>
        <line num="22" count="6" type="stmt"/>
        <line num="25" count="6" type="stmt"/>
        <line num="26" count="2" type="stmt"/>
        <line num="27" count="2" type="stmt"/>
        <line num="28" count="2" type="stmt"/>
        <line num="30" count="2" type="stmt"/>
        <line num="32" count="2" type="stmt"/>
        <line num="35" count="2" type="cond" truecount="1" falsecount="1"/>
        <line num="36" count="2" type="stmt"/>
        <line num="37" count="2" type="cond" truecount="1" falsecount="1"/>
        <line num="38" count="2" type="cond" truecount="1" falsecount="1"/>
        <line num="39" count="2" type="cond" truecount="1" falsecount="1"/>
        <line num="40" count="2" type="cond" truecount="1" falsecount="1"/>
        <line num="41" count="2" type="cond" truecount="1" falsecount="1"/>
        <line num="42" count="2" type="cond" truecount="1" falsecount="1"/>
        <line num="45" count="0" type="stmt"/>
        <line num="47" count="2" type="stmt"/>
        <line num="50" count="2" type="stmt"/>
        <line num="54" count="6" type="stmt"/>
        <line num="55" count="0" type="stmt"/>
        <line num="56" count="0" type="stmt"/>
        <line num="57" count="0" type="stmt"/>
        <line num="67" count="0" type="stmt"/>
        <line num="71" count="6" type="stmt"/>
        <line num="72" count="0" type="stmt"/>
        <line num="73" count="0" type="stmt"/>
        <line num="74" count="0" type="stmt"/>
        <line num="77" count="6" type="stmt"/>
        <line num="78" count="0" type="stmt"/>
        <line num="79" count="0" type="stmt"/>
        <line num="81" count="0" type="stmt"/>
        <line num="86" count="0" type="stmt"/>
        <line num="87" count="0" type="stmt"/>
        <line num="89" count="0" type="stmt"/>
        <line num="92" count="6" type="stmt"/>
        <line num="93" count="0" type="cond" truecount="0" falsecount="2"/>
        <line num="94" count="0" type="stmt"/>
        <line num="97" count="0" type="stmt"/>
        <line num="98" count="0" type="stmt"/>
        <line num="101" count="6" type="stmt"/>
        <line num="102" count="0" type="stmt"/>
        <line num="103" count="0" type="stmt"/>
        <line num="106" count="6" type="stmt"/>
        <line num="107" count="0" type="stmt"/>
        <line num="108" count="0" type="stmt"/>
        <line num="109" count="0" type="stmt"/>
        <line num="112" count="6" type="cond" truecount="2" falsecount="0"/>
        <line num="113" count="2" type="stmt"/>
        <line num="120" count="4" type="cond" truecount="1" falsecount="1"/>
        <line num="121" count="0" type="stmt"/>
        <line num="124" count="4" type="stmt"/>
        <line num="125" count="4" type="cond" truecount="3" falsecount="1"/>
        <line num="127" count="2" type="stmt"/>
        <line num="137" count="1" type="stmt"/>
        <line num="145" count="1" type="stmt"/>
        <line num="156" count="0" type="stmt"/>
        <line num="168" count="4" type="stmt"/>
      </file>
    </package>
    <package name="src.components">
      <metrics statements="100" coveredstatements="92" conditionals="91" coveredconditionals="72" methods="46" coveredmethods="39"/>
      <file name="CategoryChart.css" path="C:\Users\xrc384\Desktop\MyProjects\Carbon Footprint Awareness\src\components\CategoryChart.css">
        <metrics statements="0" coveredstatements="0" conditionals="0" coveredconditionals="0" methods="0" coveredmethods="0"/>
      </file>
      <file name="CategoryChart.jsx" path="C:\Users\xrc384\Desktop\MyProjects\Carbon Footprint Awareness\src\components\CategoryChart.jsx">
        <metrics statements="4" coveredstatements="4" conditionals="1" coveredconditionals="1" methods="2" coveredmethods="2"/>
        <line num="4" count="2" type="stmt"/>
        <line num="11" count="2" type="cond" truecount="1" falsecount="0"/>
        <line num="12" count="6" type="stmt"/>
        <line num="29" count="12" type="stmt"/>
      </file>
      <file name="Dashboard.css" path="C:\Users\xrc384\Desktop\MyProjects\Carbon Footprint Awareness\src\components\Dashboard.css">
        <metrics statements="0" coveredstatements="0" conditionals="0" coveredconditionals="0" methods="0" coveredmethods="0"/>
      </file>
      <file name="Dashboard.jsx" path="C:\Users\xrc384\Desktop\MyProjects\Carbon Footprint Awareness\src\components\Dashboard.jsx">
        <metrics statements="6" coveredstatements="5" conditionals="3" coveredconditionals="3" methods="4" coveredmethods="3"/>
        <line num="9" count="2" type="cond" truecount="1" falsecount="0"/>
        <line num="10" count="6" type="stmt"/>
        <line num="12" count="6" type="stmt"/>
        <line num="19" count="1" type="stmt"/>
        <line num="36" count="1" type="stmt"/>
        <line num="71" count="0" type="stmt"/>
      </file>
      <file name="Goals.css" path="C:\Users\xrc384\Desktop\MyProjects\Carbon Footprint Awareness\src\components\Goals.css">
        <metrics statements="0" coveredstatements="0" conditionals="0" coveredconditionals="0" methods="0" coveredmethods="0"/>
      </file>
      <file name="Goals.jsx" path="C:\Users\xrc384\Desktop\MyProjects\Carbon Footprint Awareness\src\components\Goals.jsx">
        <metrics statements="14" coveredstatements="12" conditionals="18" coveredconditionals="11" methods="5" coveredmethods="5"/>
        <line num="4" count="2" type="stmt"/>
        <line num="13" count="2" type="stmt"/>
        <line num="15" count="4" type="cond" truecount="4" falsecount="0"/>
        <line num="16" count="1" type="cond" truecount="1" falsecount="1"/>
        <line num="19" count="4" type="stmt"/>
        <line num="20" count="4" type="cond" truecount="2" falsecount="2"/>
        <line num="22" count="1" type="stmt"/>
        <line num="24" count="0" type="stmt"/>
        <line num="26" count="0" type="stmt"/>
        <line num="28" count="3" type="stmt"/>
        <line num="32" count="4" type="stmt"/>
        <line num="53" count="24" type="stmt"/>
        <line num="55" count="24" type="stmt"/>
        <line num="73" count="1" type="stmt"/>
      </file>
      <file name="Layout.css" path="C:\Users\xrc384\Desktop\MyProjects\Carbon Footprint Awareness\src\components\Layout.css">
        <metrics statements="0" coveredstatements="0" conditionals="0" coveredconditionals="0" methods="0" coveredmethods="0"/>
      </file>
      <file name="Layout.jsx" path="C:\Users\xrc384\Desktop\MyProjects\Carbon Footprint Awareness\src\components\Layout.jsx">
        <metrics statements="12" coveredstatements="10" conditionals="10" coveredconditionals="10" methods="8" coveredmethods="6"/>
        <line num="5" count="2" type="stmt"/>
        <line num="6" count="9" type="stmt"/>
        <line num="8" count="9" type="stmt"/>
        <line num="9" count="4" type="stmt"/>
        <line num="10" count="4" type="stmt"/>
        <line num="13" count="9" type="stmt"/>
        <line num="17" count="0" type="stmt"/>
        <line num="26" count="1" type="stmt"/>
        <line num="32" count="0" type="cond" truecount="2" falsecount="0"/>
        <line num="36" count="2" type="cond" truecount="2" falsecount="0"/>
        <line num="40" count="2" type="cond" truecount="2" falsecount="0"/>
        <line num="59" count="1" type="stmt"/>
      </file>
      <file name="LogActivityModal.css" path="C:\Users\xrc384\Desktop\MyProjects\Carbon Footprint Awareness\src\components\LogActivityModal.css">
        <metrics statements="0" coveredstatements="0" conditionals="0" coveredconditionals="0" methods="0" coveredmethods="0"/>
      </file>
      <file name="LogActivityModal.jsx" path="C:\Users\xrc384\Desktop\MyProjects\Carbon Footprint Awareness\src\components\LogActivityModal.jsx">
        <metrics statements="8" coveredstatements="8" conditionals="10" coveredconditionals="3" methods="4" coveredmethods="4"/>
        <line num="4" count="3" type="stmt"/>
        <line num="12" count="3" type="stmt"/>
        <line num="13" count="9" type="cond" truecount="2" falsecount="0"/>
        <line num="15" count="4" type="stmt"/>
        <line num="17" count="2" type="stmt"/>
        <line num="27" count="20" type="stmt"/>
        <line num="32" count="1" type="stmt"/>
        <line num="42" count="1" type="stmt"/>
      </file>
      <file name="Onboarding.css" path="C:\Users\xrc384\Desktop\MyProjects\Carbon Footprint Awareness\src\components\Onboarding.css">
        <metrics statements="0" coveredstatements="0" conditionals="0" coveredconditionals="0" methods="0" coveredmethods="0"/>
      </file>
      <file name="Onboarding.jsx" path="C:\Users\xrc384\Desktop\MyProjects\Carbon Footprint Awareness\src\components\Onboarding.jsx">
        <metrics statements="16" coveredstatements="16" conditionals="10" coveredconditionals="7" methods="7" coveredmethods="7"/>
        <line num="5" count="2" type="stmt"/>
        <line num="34" count="2" type="stmt"/>
        <line num="35" count="10" type="stmt"/>
        <line num="36" count="10" type="stmt"/>
        <line num="38" count="10" type="stmt"/>
        <line num="39" count="4" type="stmt"/>
        <line num="40" count="4" type="stmt"/>
        <line num="42" count="4" type="cond" truecount="2" falsecount="0"/>
        <line num="43" count="3" type="stmt"/>
        <line num="46" count="3" type="stmt"/>
        <line num="49" count="1" type="stmt"/>
        <line num="56" count="1" type="stmt"/>
        <line num="63" count="10" type="stmt"/>
        <line num="65" count="10" type="stmt"/>
        <line num="87" count="28" type="stmt"/>
        <line num="90" count="4" type="stmt"/>
      </file>
      <file name="Profile.css" path="C:\Users\xrc384\Desktop\MyProjects\Carbon Footprint Awareness\src\components\Profile.css">
        <metrics statements="0" coveredstatements="0" conditionals="0" coveredconditionals="0" methods="0" coveredmethods="0"/>
      </file>
      <file name="Profile.jsx" path="C:\Users\xrc384\Desktop\MyProjects\Carbon Footprint Awareness\src\components\Profile.jsx">
        <metrics statements="13" coveredstatements="12" conditionals="2" coveredconditionals="1" methods="8" coveredmethods="6"/>
        <line num="6" count="2" type="stmt"/>
        <line num="7" count="7" type="stmt"/>
        <line num="9" count="7" type="stmt"/>
        <line num="10" count="7" type="cond" truecount="1" falsecount="1"/>
        <line num="12" count="7" type="stmt"/>
        <line num="13" count="4" type="stmt"/>
        <line num="16" count="7" type="stmt"/>
        <line num="17" count="0" type="stmt"/>
        <line num="20" count="7" type="stmt"/>
        <line num="92" count="1" type="stmt"/>
        <line num="93" count="1" type="stmt"/>
        <line num="94" count="1" type="stmt"/>
        <line num="95" count="1" type="stmt"/>
      </file>
      <file name="ScoreCard.css" path="C:\Users\xrc384\Desktop\MyProjects\Carbon Footprint Awareness\src\components\ScoreCard.css">
        <metrics statements="0" coveredstatements="0" conditionals="0" coveredconditionals="0" methods="0" coveredmethods="0"/>
      </file>
      <file name="ScoreCard.jsx" path="C:\Users\xrc384\Desktop\MyProjects\Carbon Footprint Awareness\src\components\ScoreCard.jsx">
        <metrics statements="4" coveredstatements="4" conditionals="2" coveredconditionals="2" methods="1" coveredmethods="1"/>
        <line num="6" count="3" type="cond" truecount="2" falsecount="0"/>
        <line num="7" count="8" type="stmt"/>
        <line num="9" count="8" type="stmt"/>
        <line num="50" count="3" type="stmt"/>
      </file>
      <file name="SettingsModal.css" path="C:\Users\xrc384\Desktop\MyProjects\Carbon Footprint Awareness\src\components\SettingsModal.css">
        <metrics statements="0" coveredstatements="0" conditionals="0" coveredconditionals="0" methods="0" coveredmethods="0"/>
      </file>
      <file name="SettingsModal.jsx" path="C:\Users\xrc384\Desktop\MyProjects\Carbon Footprint Awareness\src\components\SettingsModal.jsx">
        <metrics statements="23" coveredstatements="21" conditionals="35" coveredconditionals="34" methods="7" coveredmethods="5"/>
        <line num="5" count="3" type="cond" truecount="1" falsecount="0"/>
        <line num="6" count="17" type="stmt"/>
        <line num="7" count="17" type="stmt"/>
        <line num="8" count="17" type="stmt"/>
        <line num="11" count="17" type="stmt"/>
        <line num="12" count="9" type="cond" truecount="2" falsecount="0"/>
        <line num="14" count="6" type="stmt"/>
        <line num="15" count="6" type="cond" truecount="2" falsecount="0"/>
        <line num="16" count="6" type="cond" truecount="2" falsecount="0"/>
        <line num="20" count="17" type="cond" truecount="2" falsecount="0"/>
        <line num="22" count="14" type="stmt"/>
        <line num="23" count="3" type="cond" truecount="4" falsecount="0"/>
        <line num="24" count="1" type="stmt"/>
        <line num="25" count="2" type="cond" truecount="2" falsecount="0"/>
        <line num="26" count="1" type="stmt"/>
        <line num="27" count="1" type="cond" truecount="1" falsecount="1"/>
        <line num="28" count="1" type="stmt"/>
        <line num="30" count="3" type="stmt"/>
        <line num="33" count="14" type="stmt"/>
        <line num="35" count="4" type="stmt"/>
        <line num="54" count="1" type="stmt"/>
        <line num="68" count="0" type="stmt"/>
        <line num="84" count="0" type="stmt"/>
      </file>
    </package>
  </project>
</coverage>
