{"C:\\Users\\xrc384\\Desktop\\MyProjects\\Carbon Footprint Awareness\\src\\App.jsx": {"path":"C:\\Users\\xrc384\\Desktop\\MyProjects\\Carbon Footprint Awareness\\src\\App.jsx","statementMap":{"0":{"start":{"line":12,"column":25},"end":{"line":12,"column":null}},"1":{"start":{"line":13,"column":20},"end":{"line":13,"column":null}},"2":{"start":{"line":14,"column":33},"end":{"line":14,"column":null}},"3":{"start":{"line":15,"column":19},"end":{"line":15,"column":null}},"4":{"start":{"line":16,"column":21},"end":{"line":19,"column":null}},"5":{"start":{"line":20,"column":22},"end":{"line":20,"column":null}},"6":{"start":{"line":21,"column":27},"end":{"line":21,"column":null}},"7":{"start":{"line":22,"column":23},"end":{"line":22,"column":null}},"8":{"start":{"line":25,"column":2},"end":{"line":51,"column":null}},"9":{"start":{"line":26,"column":25},"end":{"line":49,"column":null}},"10":{"start":{"line":27,"column":6},"end":{"line":48,"column":null}},"11":{"start":{"line":28,"column":14},"end":{"line":28,"column":null}},"12":{"start":{"line":30,"column":24},"end":{"line":33,"column":null}},"13":{"start":{"line":32,"column":37},"end":{"line":32,"column":109}},"14":{"start":{"line":32,"column":54},"end":{"line":32,"column":104}},"15":{"start":{"line":35,"column":8},"end":{"line":43,"column":null}},"16":{"start":{"line":36,"column":23},"end":{"line":36,"column":null}},"17":{"start":{"line":37,"column":10},"end":{"line":37,"column":null}},"18":{"start":{"line":38,"column":10},"end":{"line":38,"column":null}},"19":{"start":{"line":39,"column":10},"end":{"line":39,"column":null}},"20":{"start":{"line":40,"column":10},"end":{"line":40,"column":null}},"21":{"start":{"line":41,"column":10},"end":{"line":41,"column":null}},"22":{"start":{"line":42,"column":10},"end":{"line":42,"column":null}},"23":{"start":{"line":45,"column":8},"end":{"line":45,"column":null}},"24":{"start":{"line":47,"column":8},"end":{"line":47,"column":null}},"25":{"start":{"line":50,"column":4},"end":{"line":50,"column":null}},"26":{"start":{"line":54,"column":25},"end":{"line":69,"column":null}},"27":{"start":{"line":55,"column":4},"end":{"line":68,"column":null}},"28":{"start":{"line":56,"column":12},"end":{"line":56,"column":null}},"29":{"start":{"line":57,"column":6},"end":{"line":65,"column":null}},"30":{"start":{"line":67,"column":6},"end":{"line":67,"column":null}},"31":{"start":{"line":71,"column":8},"end":{"line":75,"column":null}},"32":{"start":{"line":72,"column":4},"end":{"line":72,"column":null}},"33":{"start":{"line":73,"column":4},"end":{"line":73,"column":null}},"34":{"start":{"line":74,"column":4},"end":{"line":74,"column":null}},"35":{"start":{"line":77,"column":8},"end":{"line":90,"column":null}},"36":{"start":{"line":78,"column":21},"end":{"line":78,"column":null}},"37":{"start":{"line":79,"column":26},"end":{"line":79,"column":null}},"38":{"start":{"line":81,"column":26},"end":{"line":84,"column":null}},"39":{"start":{"line":86,"column":4},"end":{"line":86,"column":null}},"40":{"start":{"line":87,"column":4},"end":{"line":87,"column":null}},"41":{"start":{"line":89,"column":4},"end":{"line":89,"column":null}},"42":{"start":{"line":92,"column":8},"end":{"line":99,"column":null}},"43":{"start":{"line":93,"column":27},"end":{"line":95,"column":null}},"44":{"start":{"line":94,"column":33},"end":{"line":94,"column":46}},"45":{"start":{"line":97,"column":4},"end":{"line":97,"column":null}},"46":{"start":{"line":98,"column":4},"end":{"line":98,"column":null}},"47":{"start":{"line":101,"column":8},"end":{"line":104,"column":null}},"48":{"start":{"line":102,"column":4},"end":{"line":102,"column":null}},"49":{"start":{"line":103,"column":4},"end":{"line":103,"column":null}},"50":{"start":{"line":106,"column":8},"end":{"line":110,"column":null}},"51":{"start":{"line":107,"column":28},"end":{"line":107,"column":null}},"52":{"start":{"line":108,"column":4},"end":{"line":108,"column":null}},"53":{"start":{"line":109,"column":4},"end":{"line":109,"column":null}},"54":{"start":{"line":112,"column":2},"end":{"line":118,"column":null}},"55":{"start":{"line":113,"column":4},"end":{"line":116,"column":null}},"56":{"start":{"line":120,"column":2},"end":{"line":122,"column":null}},"57":{"start":{"line":121,"column":4},"end":{"line":121,"column":null}},"58":{"start":{"line":124,"column":8},"end":{"line":166,"column":null}},"59":{"start":{"line":125,"column":4},"end":{"line":165,"column":null}},"60":{"start":{"line":127,"column":8},"end":{"line":134,"column":null}},"61":{"start":{"line":137,"column":8},"end":{"line":142,"column":null}},"62":{"start":{"line":145,"column":8},"end":{"line":153,"column":null}},"63":{"start":{"line":156,"column":8},"end":{"line":163,"column":null}},"64":{"start":{"line":168,"column":2},"end":{"line":171,"column":null}}},"fnMap":{"0":{"name":"App","decl":{"start":{"line":11,"column":9},"end":{"line":11,"column":15}},"loc":{"start":{"line":11,"column":15},"end":{"line":173,"column":null}},"line":11},"1":{"name":"(anonymous_1)","decl":{"start":{"line":25,"column":2},"end":{"line":25,"column":18}},"loc":{"start":{"line":25,"column":18},"end":{"line":51,"column":5}},"line":25},"2":{"name":"(anonymous_2)","decl":{"start":{"line":26,"column":25},"end":{"line":26,"column":37}},"loc":{"start":{"line":26,"column":37},"end":{"line":49,"column":null}},"line":26},"3":{"name":"(anonymous_3)","decl":{"start":{"line":32,"column":14},"end":{"line":32,"column":23}},"loc":{"start":{"line":32,"column":37},"end":{"line":32,"column":109}},"line":32},"4":{"name":"(anonymous_4)","decl":{"start":{"line":32,"column":37},"end":{"line":32,"column":54}},"loc":{"start":{"line":32,"column":54},"end":{"line":32,"column":104}},"line":32},"5":{"name":"(anonymous_5)","decl":{"start":{"line":54,"column":25},"end":{"line":54,"column":32}},"loc":{"start":{"line":54,"column":44},"end":{"line":69,"column":null}},"line":54},"6":{"name":"(anonymous_6)","decl":{"start":{"line":71,"column":8},"end":{"line":71,"column":36}},"loc":{"start":{"line":71,"column":45},"end":{"line":75,"column":null}},"line":71},"7":{"name":"(anonymous_7)","decl":{"start":{"line":77,"column":8},"end":{"line":77,"column":29}},"loc":{"start":{"line":77,"column":42},"end":{"line":90,"column":null}},"line":77},"8":{"name":"(anonymous_8)","decl":{"start":{"line":92,"column":8},"end":{"line":92,"column":22}},"loc":{"start":{"line":92,"column":33},"end":{"line":99,"column":null}},"line":92},"9":{"name":"(anonymous_9)","decl":{"start":{"line":94,"column":20},"end":{"line":94,"column":27}},"loc":{"start":{"line":94,"column":33},"end":{"line":94,"column":46}},"line":94},"10":{"name":"(anonymous_10)","decl":{"start":{"line":101,"column":8},"end":{"line":101,"column":26}},"loc":{"start":{"line":101,"column":38},"end":{"line":104,"column":null}},"line":101},"11":{"name":"(anonymous_11)","decl":{"start":{"line":106,"column":8},"end":{"line":106,"column":30}},"loc":{"start":{"line":106,"column":46},"end":{"line":110,"column":null}},"line":106},"12":{"name":"(anonymous_12)","decl":{"start":{"line":124,"column":8},"end":{"line":124,"column":30}},"loc":{"start":{"line":124,"column":30},"end":{"line":166,"column":null}},"line":124}},"branchMap":{"0":{"loc":{"start":{"line":35,"column":8},"end":{"line":43,"column":null}},"type":"if","locations":[{"start":{"line":35,"column":8},"end":{"line":43,"column":null}},{"start":{},"end":{}}],"line":35},"1":{"loc":{"start":{"line":37,"column":22},"end":{"line":37,"column":47}},"type":"binary-expr","locations":[{"start":{"line":37,"column":22},"end":{"line":37,"column":39}},{"start":{"line":37,"column":39},"end":{"line":37,"column":47}}],"line":37},"2":{"loc":{"start":{"line":38,"column":36},"end":{"line":38,"column":72}},"type":"binary-expr","locations":[{"start":{"line":38,"column":36},"end":{"line":38,"column":67}},{"start":{"line":38,"column":67},"end":{"line":38,"column":72}}],"line":38},"3":{"loc":{"start":{"line":39,"column":24},"end":{"line":39,"column":78}},"type":"binary-expr","locations":[{"start":{"line":39,"column":24},"end":{"line":39,"column":43}},{"start":{"line":39,"column":43},"end":{"line":39,"column":78}}],"line":39},"4":{"loc":{"start":{"line":40,"column":25},"end":{"line":40,"column":47}},"type":"binary-expr","locations":[{"start":{"line":40,"column":25},"end":{"line":40,"column":45}},{"start":{"line":40,"column":45},"end":{"line":40,"column":47}}],"line":40},"5":{"loc":{"start":{"line":41,"column":30},"end":{"line":41,"column":57}},"type":"binary-expr","locations":[{"start":{"line":41,"column":30},"end":{"line":41,"column":55}},{"start":{"line":41,"column":55},"end":{"line":41,"column":57}}],"line":41},"6":{"loc":{"start":{"line":42,"column":26},"end":{"line":42,"column":86}},"type":"binary-expr","locations":[{"start":{"line":42,"column":26},"end":{"line":42,"column":47}},{"start":{"line":42,"column":47},"end":{"line":42,"column":86}}],"line":42},"7":{"loc":{"start":{"line":93,"column":27},"end":{"line":95,"column":null}},"type":"cond-expr","locations":[{"start":{"line":94,"column":8},"end":{"line":94,"column":null}},{"start":{"line":95,"column":8},"end":{"line":95,"column":null}}],"line":93},"8":{"loc":{"start":{"line":112,"column":2},"end":{"line":118,"column":null}},"type":"if","locations":[{"start":{"line":112,"column":2},"end":{"line":118,"column":null}},{"start":{},"end":{}}],"line":112},"9":{"loc":{"start":{"line":120,"column":2},"end":{"line":122,"column":null}},"type":"if","locations":[{"start":{"line":120,"column":2},"end":{"line":122,"column":null}},{"start":{},"end":{}}],"line":120},"10":{"loc":{"start":{"line":125,"column":4},"end":{"line":165,"column":null}},"type":"switch","locations":[{"start":{"line":126,"column":6},"end":{"line":134,"column":null}},{"start":{"line":136,"column":6},"end":{"line":142,"column":null}},{"start":{"line":144,"column":6},"end":{"line":153,"column":null}},{"start":{"line":155,"column":6},"end":{"line":163,"column":null}}],"line":125}},"s":{"0":6,"1":6,"2":6,"3":6,"4":6,"5":6,"6":6,"7":6,"8":6,"9":2,"10":2,"11":2,"12":2,"13":2,"14":0,"15":2,"16":2,"17":2,"18":2,"19":2,"20":2,"21":2,"22":2,"23":0,"24":2,"25":2,"26":6,"27":0,"28":0,"29":0,"30":0,"31":6,"32":0,"33":0,"34":0,"35":6,"36":0,"37":0,"38":0,"39":0,"40":0,"41":0,"42":6,"43":0,"44":0,"45":0,"46":0,"47":6,"48":0,"49":0,"50":6,"51":0,"52":0,"53":0,"54":6,"55":2,"56":4,"57":0,"58":4,"59":4,"60":2,"61":1,"62":1,"63":0,"64":4},"f":{"0":6,"1":2,"2":2,"3":2,"4":0,"5":0,"6":0,"7":0,"8":0,"9":0,"10":0,"11":0,"12":4},"b":{"0":[2,0],"1":[2,0],"2":[2,0],"3":[2,0],"4":[2,0],"5":[2,0],"6":[2,0],"7":[0,0],"8":[2,4],"9":[0,4],"10":[2,1,1,0]},"meta":{"lastBranch":11,"lastFunction":13,"lastStatement":65,"seen":{"f:11:9:11:15":0,"s:12:25:12:Infinity":0,"s:13:20:13:Infinity":1,"s:14:33:14:Infinity":2,"s:15:19:15:Infinity":3,"s:16:21:19:Infinity":4,"s:20:22:20:Infinity":5,"s:21:27:21:Infinity":6,"s:22:23:22:Infinity":7,"s:25:2:51:Infinity":8,"f:25:2:25:18":1,"s:26:25:49:Infinity":9,"f:26:25:26:37":2,"s:27:6:48:Infinity":10,"s:28:14:28:Infinity":11,"s:30:24:33:Infinity":12,"f:32:14:32:23":3,"s:32:37:32:109":13,"f:32:37:32:54":4,"s:32:54:32:104":14,"b:35:8:43:Infinity:undefined:undefined:undefined:undefined":0,"s:35:8:43:Infinity":15,"s:36:23:36:Infinity":16,"s:37:10:37:Infinity":17,"b:37:22:37:39:37:39:37:47":1,"s:38:10:38:Infinity":18,"b:38:36:38:67:38:67:38:72":2,"s:39:10:39:Infinity":19,"b:39:24:39:43:39:43:39:78":3,"s:40:10:40:Infinity":20,"b:40:25:40:45:40:45:40:47":4,"s:41:10:41:Infinity":21,"b:41:30:41:55:41:55:41:57":5,"s:42:10:42:Infinity":22,"b:42:26:42:47:42:47:42:86":6,"s:45:8:45:Infinity":23,"s:47:8:47:Infinity":24,"s:50:4:50:Infinity":25,"s:54:25:69:Infinity":26,"f:54:25:54:32":5,"s:55:4:68:Infinity":27,"s:56:12:56:Infinity":28,"s:57:6:65:Infinity":29,"s:67:6:67:Infinity":30,"s:71:8:75:Infinity":31,"f:71:8:71:36":6,"s:72:4:72:Infinity":32,"s:73:4:73:Infinity":33,"s:74:4:74:Infinity":34,"s:77:8:90:Infinity":35,"f:77:8:77:29":7,"s:78:21:78:Infinity":36,"s:79:26:79:Infinity":37,"s:81:26:84:Infinity":38,"s:86:4:86:Infinity":39,"s:87:4:87:Infinity":40,"s:89:4:89:Infinity":41,"s:92:8:99:Infinity":42,"f:92:8:92:22":8,"s:93:27:95:Infinity":43,"b:94:8:94:Infinity:95:8:95:Infinity":7,"f:94:20:94:27":9,"s:94:33:94:46":44,"s:97:4:97:Infinity":45,"s:98:4:98:Infinity":46,"s:101:8:104:Infinity":47,"f:101:8:101:26":10,"s:102:4:102:Infinity":48,"s:103:4:103:Infinity":49,"s:106:8:110:Infinity":50,"f:106:8:106:30":11,"s:107:28:107:Infinity":51,"s:108:4:108:Infinity":52,"s:109:4:109:Infinity":53,"b:112:2:118:Infinity:undefined:undefined:undefined:undefined":8,"s:112:2:118:Infinity":54,"s:113:4:116:Infinity":55,"b:120:2:122:Infinity:undefined:undefined:undefined:undefined":9,"s:120:2:122:Infinity":56,"s:121:4:121:Infinity":57,"s:124:8:166:Infinity":58,"f:124:8:124:30":12,"b:126:6:134:Infinity:136:6:142:Infinity:144:6:153:Infinity:155:6:163:Infinity":10,"s:125:4:165:Infinity":59,"s:127:8:134:Infinity":60,"s:137:8:142:Infinity":61,"s:145:8:153:Infinity":62,"s:156:8:163:Infinity":63,"s:168:2:171:Infinity":64},"fnNames":{}}}
,"C:\\Users\\xrc384\\Desktop\\MyProjects\\Carbon Footprint Awareness\\src\\components\\CategoryChart.css": {"path":"C:\\Users\\xrc384\\Desktop\\MyProjects\\Carbon Footprint Awareness\\src\\components\\CategoryChart.css","statementMap":{},"fnMap":{},"branchMap":{},"s":{},"f":{},"b":{},"meta":{"lastBranch":0,"lastFunction":0,"lastStatement":0,"seen":{},"fnNames":{}}}
,"C:\\Users\\xrc384\\Desktop\\MyProjects\\Carbon Footprint Awareness\\src\\components\\CategoryChart.jsx": {"path":"C:\\Users\\xrc384\\Desktop\\MyProjects\\Carbon Footprint Awareness\\src\\components\\CategoryChart.jsx","statementMap":{"0":{"start":{"line":4,"column":20},"end":{"line":9,"column":null}},"1":{"start":{"line":11,"column":6},"end":{"line":52,"column":null}},"2":{"start":{"line":12,"column":2},"end":{"line":50,"column":null}},"3":{"start":{"line":29,"column":16},"end":{"line":29,"column":null}}},"fnMap":{"0":{"name":"(anonymous_0)","decl":{"start":{"line":11,"column":6},"end":{"line":11,"column":23}},"loc":{"start":{"line":11,"column":50},"end":{"line":52,"column":null}},"line":11},"1":{"name":"(anonymous_1)","decl":{"start":{"line":28,"column":20},"end":{"line":28,"column":25}},"loc":{"start":{"line":29,"column":16},"end":{"line":29,"column":null}},"line":29}},"branchMap":{"0":{"loc":{"start":{"line":11,"column":25},"end":{"line":11,"column":50}},"type":"default-arg","locations":[{"start":{"line":11,"column":32},"end":{"line":11,"column":50}}],"line":11}},"s":{"0":2,"1":2,"2":6,"3":12},"f":{"0":6,"1":12},"b":{"0":[6]},"meta":{"lastBranch":1,"lastFunction":2,"lastStatement":4,"seen":{"s:4:20:9:Infinity":0,"s:11:6:52:Infinity":1,"f:11:6:11:23":0,"b:11:32:11:50":0,"s:12:2:50:Infinity":2,"f:28:20:28:25":1,"s:29:16:29:Infinity":3},"fnNames":{}}}
,"C:\\Users\\xrc384\\Desktop\\MyProjects\\Carbon Footprint Awareness\\src\\components\\Dashboard.css": {"path":"C:\\Users\\xrc384\\Desktop\\MyProjects\\Carbon Footprint Awareness\\src\\components\\Dashboard.css","statementMap":{},"fnMap":{},"branchMap":{},"s":{},"f":{},"b":{},"meta":{"lastBranch":0,"lastFunction":0,"lastStatement":0,"seen":{},"fnNames":{}}}
,"C:\\Users\\xrc384\\Desktop\\MyProjects\\Carbon Footprint Awareness\\src\\components\\Dashboard.jsx": {"path":"C:\\Users\\xrc384\\Desktop\\MyProjects\\Carbon Footprint Awareness\\src\\components\\Dashboard.jsx","statementMap":{"0":{"start":{"line":9,"column":6},"end":{"line":76,"column":null}},"1":{"start":{"line":10,"column":22},"end":{"line":10,"column":null}},"2":{"start":{"line":12,"column":2},"end":{"line":74,"column":null}},"3":{"start":{"line":19,"column":55},"end":{"line":19,"column":null}},"4":{"start":{"line":36,"column":18},"end":{"line":43,"column":null}},"5":{"start":{"line":71,"column":23},"end":{"line":71,"column":null}}},"fnMap":{"0":{"name":"(anonymous_0)","decl":{"start":{"line":9,"column":6},"end":{"line":9,"column":19}},"loc":{"start":{"line":9,"column":100},"end":{"line":76,"column":null}},"line":9},"1":{"name":"(anonymous_1)","decl":{"start":{"line":19,"column":40},"end":{"line":19,"column":55}},"loc":{"start":{"line":19,"column":55},"end":{"line":19,"column":null}},"line":19},"2":{"name":"(anonymous_2)","decl":{"start":{"line":35,"column":33},"end":{"line":35,"column":38}},"loc":{"start":{"line":36,"column":18},"end":{"line":43,"column":null}},"line":36},"3":{"name":"(anonymous_3)","decl":{"start":{"line":71,"column":8},"end":{"line":71,"column":23}},"loc":{"start":{"line":71,"column":23},"end":{"line":71,"column":null}},"line":71}},"branchMap":{"0":{"loc":{"start":{"line":9,"column":57},"end":{"line":9,"column":80}},"type":"default-arg","locations":[{"start":{"line":9,"column":76},"end":{"line":9,"column":80}}],"line":9},"1":{"loc":{"start":{"line":32,"column":15},"end":{"line":44,"column":null}},"type":"cond-expr","locations":[{"start":{"line":33,"column":16},"end":{"line":35,"column":33}},{"start":{"line":35,"column":16},"end":{"line":44,"column":null}}],"line":32}},"s":{"0":2,"1":6,"2":6,"3":1,"4":1,"5":0},"f":{"0":6,"1":1,"2":1,"3":0},"b":{"0":[6],"1":[5,1]},"meta":{"lastBranch":2,"lastFunction":4,"lastStatement":6,"seen":{"s:9:6:76:Infinity":0,"f:9:6:9:19":0,"b:9:76:9:80":0,"s:10:22:10:Infinity":1,"s:12:2:74:Infinity":2,"f:19:40:19:55":1,"s:19:55:19:Infinity":3,"b:33:16:35:33:35:16:44:Infinity":1,"f:35:33:35:38":2,"s:36:18:43:Infinity":4,"f:71:8:71:23":3,"s:71:23:71:Infinity":5},"fnNames":{}}}
,"C:\\Users\\xrc384\\Desktop\\MyProjects\\Carbon Footprint Awareness\\src\\components\\Goals.css": {"path":"C:\\Users\\xrc384\\Desktop\\MyProjects\\Carbon Footprint Awareness\\src\\components\\Goals.css","statementMap":{},"fnMap":{},"branchMap":{},"s":{},"f":{},"b":{},"meta":{"lastBranch":0,"lastFunction":0,"lastStatement":0,"seen":{},"fnNames":{}}}
,"C:\\Users\\xrc384\\Desktop\\MyProjects\\Carbon Footprint Awareness\\src\\components\\Goals.jsx": {"path":"C:\\Users\\xrc384\\Desktop\\MyProjects\\Carbon Footprint Awareness\\src\\components\\Goals.jsx","statementMap":{"0":{"start":{"line":4,"column":22},"end":{"line":11,"column":null}},"1":{"start":{"line":13,"column":6},"end":{"line":85,"column":null}},"2":{"start":{"line":15,"column":26},"end":{"line":17,"column":null}},"3":{"start":{"line":16,"column":51},"end":{"line":16,"column":95}},"4":{"start":{"line":19,"column":8},"end":{"line":30,"column":null}},"5":{"start":{"line":20,"column":4},"end":{"line":29,"column":null}},"6":{"start":{"line":22,"column":8},"end":{"line":22,"column":null}},"7":{"start":{"line":24,"column":8},"end":{"line":24,"column":null}},"8":{"start":{"line":26,"column":8},"end":{"line":26,"column":null}},"9":{"start":{"line":28,"column":8},"end":{"line":28,"column":null}},"10":{"start":{"line":32,"column":2},"end":{"line":83,"column":null}},"11":{"start":{"line":53,"column":27},"end":{"line":53,"column":null}},"12":{"start":{"line":55,"column":10},"end":{"line":79,"column":null}},"13":{"start":{"line":73,"column":33},"end":{"line":73,"column":null}}},"fnMap":{"0":{"name":"(anonymous_0)","decl":{"start":{"line":13,"column":6},"end":{"line":13,"column":15}},"loc":{"start":{"line":13,"column":66},"end":{"line":85,"column":null}},"line":13},"1":{"name":"(anonymous_1)","decl":{"start":{"line":16,"column":24},"end":{"line":16,"column":32}},"loc":{"start":{"line":16,"column":51},"end":{"line":16,"column":95}},"line":16},"2":{"name":"(anonymous_2)","decl":{"start":{"line":19,"column":8},"end":{"line":19,"column":34}},"loc":{"start":{"line":19,"column":34},"end":{"line":30,"column":null}},"line":19},"3":{"name":"(anonymous_3)","decl":{"start":{"line":52,"column":23},"end":{"line":52,"column":27}},"loc":{"start":{"line":52,"column":35},"end":{"line":81,"column":9}},"line":52},"4":{"name":"(anonymous_4)","decl":{"start":{"line":73,"column":18},"end":{"line":73,"column":33}},"loc":{"start":{"line":73,"column":33},"end":{"line":73,"column":null}},"line":73}},"branchMap":{"0":{"loc":{"start":{"line":15,"column":26},"end":{"line":17,"column":null}},"type":"cond-expr","locations":[{"start":{"line":16,"column":6},"end":{"line":16,"column":null}},{"start":{"line":17,"column":6},"end":{"line":17,"column":null}}],"line":15},"1":{"loc":{"start":{"line":15,"column":26},"end":{"line":15,"column":null}},"type":"binary-expr","locations":[{"start":{"line":15,"column":26},"end":{"line":15,"column":47}},{"start":{"line":15,"column":47},"end":{"line":15,"column":null}}],"line":15},"2":{"loc":{"start":{"line":16,"column":51},"end":{"line":16,"column":95}},"type":"cond-expr","locations":[{"start":{"line":16,"column":81},"end":{"line":16,"column":88}},{"start":{"line":16,"column":88},"end":{"line":16,"column":95}}],"line":16},"3":{"loc":{"start":{"line":20,"column":4},"end":{"line":29,"column":null}},"type":"switch","locations":[{"start":{"line":21,"column":6},"end":{"line":22,"column":null}},{"start":{"line":23,"column":6},"end":{"line":24,"column":null}},{"start":{"line":25,"column":6},"end":{"line":26,"column":null}},{"start":{"line":27,"column":6},"end":{"line":28,"column":null}}],"line":20},"4":{"loc":{"start":{"line":56,"column":67},"end":{"line":56,"column":null}},"type":"cond-expr","locations":[{"start":{"line":56,"column":78},"end":{"line":56,"column":96}},{"start":{"line":56,"column":96},"end":{"line":56,"column":null}}],"line":56},"5":{"loc":{"start":{"line":61,"column":17},"end":{"line":62,"column":null}},"type":"binary-expr","locations":[{"start":{"line":61,"column":17},"end":{"line":61,"column":29}},{"start":{"line":61,"column":29},"end":{"line":62,"column":null}}],"line":61},"6":{"loc":{"start":{"line":72,"column":29},"end":{"line":72,"column":null}},"type":"cond-expr","locations":[{"start":{"line":72,"column":40},"end":{"line":72,"column":58}},{"start":{"line":72,"column":58},"end":{"line":72,"column":null}}],"line":72},"7":{"loc":{"start":{"line":76,"column":19},"end":{"line":76,"column":null}},"type":"cond-expr","locations":[{"start":{"line":76,"column":30},"end":{"line":76,"column":47}},{"start":{"line":76,"column":47},"end":{"line":76,"column":null}}],"line":76}},"s":{"0":2,"1":2,"2":4,"3":1,"4":4,"5":4,"6":1,"7":0,"8":0,"9":3,"10":4,"11":24,"12":24,"13":1},"f":{"0":4,"1":1,"2":4,"3":24,"4":1},"b":{"0":[1,3],"1":[4,2],"2":[1,0],"3":[1,0,0,3],"4":[0,24],"5":[24,0],"6":[0,24],"7":[0,24]},"meta":{"lastBranch":8,"lastFunction":5,"lastStatement":14,"seen":{"s:4:22:11:Infinity":0,"s:13:6:85:Infinity":1,"f:13:6:13:15":0,"s:15:26:17:Infinity":2,"b:16:6:16:Infinity:17:6:17:Infinity":0,"b:15:26:15:47:15:47:15:Infinity":1,"f:16:24:16:32":1,"s:16:51:16:95":3,"b:16:81:16:88:16:88:16:95":2,"s:19:8:30:Infinity":4,"f:19:8:19:34":2,"b:21:6:22:Infinity:23:6:24:Infinity:25:6:26:Infinity:27:6:28:Infinity":3,"s:20:4:29:Infinity":5,"s:22:8:22:Infinity":6,"s:24:8:24:Infinity":7,"s:26:8:26:Infinity":8,"s:28:8:28:Infinity":9,"s:32:2:83:Infinity":10,"f:52:23:52:27":3,"s:53:27:53:Infinity":11,"s:55:10:79:Infinity":12,"b:56:78:56:96:56:96:56:Infinity":4,"b:61:17:61:29:61:29:62:Infinity":5,"b:72:40:72:58:72:58:72:Infinity":6,"f:73:18:73:33":4,"s:73:33:73:Infinity":13,"b:76:30:76:47:76:47:76:Infinity":7},"fnNames":{}}}
,"C:\\Users\\xrc384\\Desktop\\MyProjects\\Carbon Footprint Awareness\\src\\components\\Layout.css": {"path":"C:\\Users\\xrc384\\Desktop\\MyProjects\\Carbon Footprint Awareness\\src\\components\\Layout.css","statementMap":{},"fnMap":{},"branchMap":{},"s":{},"f":{},"b":{},"meta":{"lastBranch":0,"lastFunction":0,"lastStatement":0,"seen":{},"fnNames":{}}}
,"C:\\Users\\xrc384\\Desktop\\MyProjects\\Carbon Footprint Awareness\\src\\components\\Layout.jsx": {"path":"C:\\Users\\xrc384\\Desktop\\MyProjects\\Carbon Footprint Awareness\\src\\components\\Layout.jsx","statementMap":{"0":{"start":{"line":5,"column":6},"end":{"line":73,"column":null}},"1":{"start":{"line":6,"column":27},"end":{"line":6,"column":null}},"2":{"start":{"line":8,"column":8},"end":{"line":11,"column":null}},"3":{"start":{"line":9,"column":4},"end":{"line":9,"column":null}},"4":{"start":{"line":10,"column":4},"end":{"line":10,"column":null}},"5":{"start":{"line":13,"column":2},"end":{"line":71,"column":null}},"6":{"start":{"line":17,"column":60},"end":{"line":17,"column":93}},"7":{"start":{"line":26,"column":62},"end":{"line":26,"column":90}},"8":{"start":{"line":32,"column":108},"end":{"line":32,"column":128}},"9":{"start":{"line":32,"column":128},"end":{"line":32,"column":157}},"10":{"start":{"line":36,"column":104},"end":{"line":36,"column":124}},"11":{"start":{"line":36,"column":124},"end":{"line":36,"column":149}},"12":{"start":{"line":40,"column":106},"end":{"line":40,"column":126}},"13":{"start":{"line":40,"column":126},"end":{"line":40,"column":153}},"14":{"start":{"line":59,"column":61},"end":{"line":59,"column":88}}},"fnMap":{"0":{"name":"(anonymous_0)","decl":{"start":{"line":5,"column":6},"end":{"line":5,"column":16}},"loc":{"start":{"line":5,"column":67},"end":{"line":73,"column":null}},"line":5},"1":{"name":"(anonymous_1)","decl":{"start":{"line":8,"column":8},"end":{"line":8,"column":26}},"loc":{"start":{"line":8,"column":34},"end":{"line":11,"column":null}},"line":8},"2":{"name":"(anonymous_2)","decl":{"start":{"line":17,"column":45},"end":{"line":17,"column":60}},"loc":{"start":{"line":17,"column":60},"end":{"line":17,"column":93}},"line":17},"3":{"name":"(anonymous_3)","decl":{"start":{"line":26,"column":47},"end":{"line":26,"column":62}},"loc":{"start":{"line":26,"column":62},"end":{"line":26,"column":90}},"line":26},"4":{"name":"(anonymous_4)","decl":{"start":{"line":32,"column":90},"end":{"line":32,"column":100}},"loc":{"start":{"line":32,"column":106},"end":{"line":32,"column":null}},"line":32},"5":{"name":"(anonymous_5)","decl":{"start":{"line":36,"column":86},"end":{"line":36,"column":96}},"loc":{"start":{"line":36,"column":102},"end":{"line":36,"column":null}},"line":36},"6":{"name":"(anonymous_6)","decl":{"start":{"line":40,"column":88},"end":{"line":40,"column":98}},"loc":{"start":{"line":40,"column":104},"end":{"line":40,"column":null}},"line":40},"7":{"name":"(anonymous_7)","decl":{"start":{"line":59,"column":46},"end":{"line":59,"column":61}},"loc":{"start":{"line":59,"column":61},"end":{"line":59,"column":88}},"line":59}},"branchMap":{"0":{"loc":{"start":{"line":16,"column":7},"end":{"line":17,"column":null}},"type":"binary-expr","locations":[{"start":{"line":16,"column":7},"end":{"line":16,"column":null}},{"start":{"line":17,"column":8},"end":{"line":17,"column":null}}],"line":16},"1":{"loc":{"start":{"line":20,"column":47},"end":{"line":20,"column":null}},"type":"cond-expr","locations":[{"start":{"line":20,"column":66},"end":{"line":20,"column":82}},{"start":{"line":20,"column":82},"end":{"line":20,"column":null}}],"line":20},"2":{"loc":{"start":{"line":32,"column":45},"end":{"line":32,"column":90}},"type":"cond-expr","locations":[{"start":{"line":32,"column":73},"end":{"line":32,"column":84}},{"start":{"line":32,"column":84},"end":{"line":32,"column":90}}],"line":32},"3":{"loc":{"start":{"line":36,"column":45},"end":{"line":36,"column":86}},"type":"cond-expr","locations":[{"start":{"line":36,"column":69},"end":{"line":36,"column":80}},{"start":{"line":36,"column":80},"end":{"line":36,"column":86}}],"line":36},"4":{"loc":{"start":{"line":40,"column":45},"end":{"line":40,"column":88}},"type":"cond-expr","locations":[{"start":{"line":40,"column":71},"end":{"line":40,"column":82}},{"start":{"line":40,"column":82},"end":{"line":40,"column":88}}],"line":40}},"s":{"0":2,"1":9,"2":9,"3":4,"4":4,"5":9,"6":0,"7":1,"8":0,"9":0,"10":2,"11":2,"12":2,"13":2,"14":1},"f":{"0":9,"1":4,"2":0,"3":1,"4":0,"5":2,"6":2,"7":1},"b":{"0":[9,1],"1":[1,8],"2":[7,2],"3":[1,8],"4":[1,8]},"meta":{"lastBranch":5,"lastFunction":8,"lastStatement":15,"seen":{"s:5:6:73:Infinity":0,"f:5:6:5:16":0,"s:6:27:6:Infinity":1,"s:8:8:11:Infinity":2,"f:8:8:8:26":1,"s:9:4:9:Infinity":3,"s:10:4:10:Infinity":4,"s:13:2:71:Infinity":5,"b:16:7:16:Infinity:17:8:17:Infinity":0,"f:17:45:17:60":2,"s:17:60:17:93":6,"b:20:66:20:82:20:82:20:Infinity":1,"f:26:47:26:62":3,"s:26:62:26:90":7,"b:32:73:32:84:32:84:32:90":2,"f:32:90:32:100":4,"s:32:108:32:128":8,"s:32:128:32:157":9,"b:36:69:36:80:36:80:36:86":3,"f:36:86:36:96":5,"s:36:104:36:124":10,"s:36:124:36:149":11,"b:40:71:40:82:40:82:40:88":4,"f:40:88:40:98":6,"s:40:106:40:126":12,"s:40:126:40:153":13,"f:59:46:59:61":7,"s:59:61:59:88":14},"fnNames":{}}}
,"C:\\Users\\xrc384\\Desktop\\MyProjects\\Carbon Footprint Awareness\\src\\components\\LogActivityModal.css": {"path":"C:\\Users\\xrc384\\Desktop\\MyProjects\\Carbon Footprint Awareness\\src\\components\\LogActivityModal.css","statementMap":{},"fnMap":{},"branchMap":{},"s":{},"f":{},"b":{},"meta":{"lastBranch":0,"lastFunction":0,"lastStatement":0,"seen":{},"fnNames":{}}}
,"C:\\Users\\xrc384\\Desktop\\MyProjects\\Carbon Footprint Awareness\\src\\components\\LogActivityModal.jsx": {"path":"C:\\Users\\xrc384\\Desktop\\MyProjects\\Carbon Footprint Awareness\\src\\components\\LogActivityModal.jsx","statementMap":{"0":{"start":{"line":4,"column":25},"end":{"line":10,"column":null}},"1":{"start":{"line":12,"column":6},"end":{"line":56,"column":null}},"2":{"start":{"line":13,"column":2},"end":{"line":13,"column":null}},"3":{"start":{"line":13,"column":15},"end":{"line":13,"column":null}},"4":{"start":{"line":15,"column":2},"end":{"line":54,"column":null}},"5":{"start":{"line":17,"column":65},"end":{"line":17,"column":null}},"6":{"start":{"line":27,"column":12},"end":{"line":50,"column":null}},"7":{"start":{"line":32,"column":16},"end":{"line":41,"column":null}},"8":{"start":{"line":42,"column":16},"end":{"line":42,"column":null}}},"fnMap":{"0":{"name":"(anonymous_0)","decl":{"start":{"line":12,"column":6},"end":{"line":12,"column":26}},"loc":{"start":{"line":12,"column":57},"end":{"line":56,"column":null}},"line":12},"1":{"name":"(anonymous_1)","decl":{"start":{"line":17,"column":49},"end":{"line":17,"column":59}},"loc":{"start":{"line":17,"column":65},"end":{"line":17,"column":null}},"line":17},"2":{"name":"(anonymous_2)","decl":{"start":{"line":26,"column":28},"end":{"line":26,"column":33}},"loc":{"start":{"line":27,"column":12},"end":{"line":50,"column":null}},"line":27},"3":{"name":"(anonymous_3)","decl":{"start":{"line":31,"column":14},"end":{"line":31,"column":29}},"loc":{"start":{"line":31,"column":29},"end":{"line":43,"column":null}},"line":31}},"branchMap":{"0":{"loc":{"start":{"line":13,"column":2},"end":{"line":13,"column":null}},"type":"if","locations":[{"start":{"line":13,"column":2},"end":{"line":13,"column":null}},{"start":{},"end":{}}],"line":13},"1":{"loc":{"start":{"line":36,"column":24},"end":{"line":39,"column":null}},"type":"cond-expr","locations":[{"start":{"line":36,"column":54},"end":{"line":36,"column":null}},{"start":{"line":37,"column":24},"end":{"line":39,"column":null}}],"line":36},"2":{"loc":{"start":{"line":37,"column":24},"end":{"line":39,"column":null}},"type":"cond-expr","locations":[{"start":{"line":37,"column":53},"end":{"line":37,"column":null}},{"start":{"line":38,"column":24},"end":{"line":39,"column":null}}],"line":37},"3":{"loc":{"start":{"line":38,"column":24},"end":{"line":39,"column":null}},"type":"cond-expr","locations":[{"start":{"line":38,"column":51},"end":{"line":38,"column":null}},{"start":{"line":39,"column":24},"end":{"line":39,"column":null}}],"line":38},"4":{"loc":{"start":{"line":39,"column":24},"end":{"line":39,"column":null}},"type":"cond-expr","locations":[{"start":{"line":39,"column":53},"end":{"line":39,"column":59}},{"start":{"line":39,"column":59},"end":{"line":39,"column":null}}],"line":39}},"s":{"0":3,"1":3,"2":9,"3":5,"4":4,"5":2,"6":20,"7":1,"8":1},"f":{"0":9,"1":2,"2":20,"3":1},"b":{"0":[5,4],"1":[1,0],"2":[0,0],"3":[0,0],"4":[0,0]},"meta":{"lastBranch":5,"lastFunction":4,"lastStatement":9,"seen":{"s:4:25:10:Infinity":0,"s:12:6:56:Infinity":1,"f:12:6:12:26":0,"b:13:2:13:Infinity:undefined:undefined:undefined:undefined":0,"s:13:2:13:Infinity":2,"s:13:15:13:Infinity":3,"s:15:2:54:Infinity":4,"f:17:49:17:59":1,"s:17:65:17:Infinity":5,"f:26:28:26:33":2,"s:27:12:50:Infinity":6,"f:31:14:31:29":3,"s:32:16:41:Infinity":7,"b:36:54:36:Infinity:37:24:39:Infinity":1,"b:37:53:37:Infinity:38:24:39:Infinity":2,"b:38:51:38:Infinity:39:24:39:Infinity":3,"b:39:53:39:59:39:59:39:Infinity":4,"s:42:16:42:Infinity":8},"fnNames":{}}}
,"C:\\Users\\xrc384\\Desktop\\MyProjects\\Carbon Footprint Awareness\\src\\components\\Onboarding.css": {"path":"C:\\Users\\xrc384\\Desktop\\MyProjects\\Carbon Footprint Awareness\\src\\components\\Onboarding.css","statementMap":{},"fnMap":{},"branchMap":{},"s":{},"f":{},"b":{},"meta":{"lastBranch":0,"lastFunction":0,"lastStatement":0,"seen":{},"fnNames":{}}}
,"C:\\Users\\xrc384\\Desktop\\MyProjects\\Carbon Footprint Awareness\\src\\components\\Onboarding.jsx": {"path":"C:\\Users\\xrc384\\Desktop\\MyProjects\\Carbon Footprint Awareness\\src\\components\\Onboarding.jsx","statementMap":{"0":{"start":{"line":5,"column":18},"end":{"line":32,"column":null}},"1":{"start":{"line":34,"column":6},"end":{"line":102,"column":null}},"2":{"start":{"line":35,"column":22},"end":{"line":35,"column":null}},"3":{"start":{"line":36,"column":18},"end":{"line":36,"column":null}},"4":{"start":{"line":38,"column":8},"end":{"line":61,"column":null}},"5":{"start":{"line":39,"column":23},"end":{"line":39,"column":null}},"6":{"start":{"line":40,"column":4},"end":{"line":40,"column":null}},"7":{"start":{"line":42,"column":4},"end":{"line":60,"column":null}},"8":{"start":{"line":43,"column":6},"end":{"line":43,"column":null}},"9":{"start":{"line":43,"column":23},"end":{"line":43,"column":57}},"10":{"start":{"line":43,"column":46},"end":{"line":43,"column":54}},"11":{"start":{"line":46,"column":25},"end":{"line":46,"column":null}},"12":{"start":{"line":46,"column":72},"end":{"line":46,"column":83}},"13":{"start":{"line":49,"column":32},"end":{"line":54,"column":null}},"14":{"start":{"line":56,"column":6},"end":{"line":59,"column":null}},"15":{"start":{"line":63,"column":31},"end":{"line":63,"column":null}},"16":{"start":{"line":65,"column":2},"end":{"line":100,"column":null}},"17":{"start":{"line":87,"column":14},"end":{"line":95,"column":null}},"18":{"start":{"line":90,"column":31},"end":{"line":90,"column":null}}},"fnMap":{"0":{"name":"(anonymous_0)","decl":{"start":{"line":34,"column":6},"end":{"line":34,"column":20}},"loc":{"start":{"line":34,"column":39},"end":{"line":102,"column":null}},"line":34},"1":{"name":"(anonymous_1)","decl":{"start":{"line":38,"column":8},"end":{"line":38,"column":24}},"loc":{"start":{"line":38,"column":46},"end":{"line":61,"column":null}},"line":38},"2":{"name":"(anonymous_2)","decl":{"start":{"line":43,"column":6},"end":{"line":43,"column":23}},"loc":{"start":{"line":43,"column":23},"end":{"line":43,"column":57}},"line":43},"3":{"name":"(anonymous_3)","decl":{"start":{"line":43,"column":23},"end":{"line":43,"column":38}},"loc":{"start":{"line":43,"column":46},"end":{"line":43,"column":54}},"line":43},"4":{"name":"(anonymous_4)","decl":{"start":{"line":46,"column":51},"end":{"line":46,"column":59}},"loc":{"start":{"line":46,"column":72},"end":{"line":46,"column":83}},"line":46},"5":{"name":"(anonymous_5)","decl":{"start":{"line":86,"column":44},"end":{"line":86,"column":49}},"loc":{"start":{"line":87,"column":14},"end":{"line":95,"column":null}},"line":87},"6":{"name":"(anonymous_6)","decl":{"start":{"line":90,"column":16},"end":{"line":90,"column":31}},"loc":{"start":{"line":90,"column":31},"end":{"line":90,"column":null}},"line":90}},"branchMap":{"0":{"loc":{"start":{"line":42,"column":4},"end":{"line":60,"column":null}},"type":"if","locations":[{"start":{"line":42,"column":4},"end":{"line":60,"column":null}},{"start":{"line":44,"column":11},"end":{"line":60,"column":null}}],"line":42},"1":{"loc":{"start":{"line":50,"column":36},"end":{"line":50,"column":65}},"type":"binary-expr","locations":[{"start":{"line":50,"column":36},"end":{"line":50,"column":60}},{"start":{"line":50,"column":60},"end":{"line":50,"column":65}}],"line":50},"2":{"loc":{"start":{"line":51,"column":31},"end":{"line":51,"column":55}},"type":"binary-expr","locations":[{"start":{"line":51,"column":31},"end":{"line":51,"column":50}},{"start":{"line":51,"column":50},"end":{"line":51,"column":55}}],"line":51},"3":{"loc":{"start":{"line":52,"column":38},"end":{"line":52,"column":64}},"type":"binary-expr","locations":[{"start":{"line":52,"column":38},"end":{"line":52,"column":59}},{"start":{"line":52,"column":59},"end":{"line":52,"column":64}}],"line":52},"4":{"loc":{"start":{"line":89,"column":41},"end":{"line":89,"column":null}},"type":"cond-expr","locations":[{"start":{"line":89,"column":95},"end":{"line":89,"column":108}},{"start":{"line":89,"column":108},"end":{"line":89,"column":null}}],"line":89}},"s":{"0":2,"1":2,"2":10,"3":10,"4":10,"5":4,"6":4,"7":4,"8":3,"9":3,"10":3,"11":1,"12":3,"13":1,"14":1,"15":10,"16":10,"17":28,"18":4},"f":{"0":10,"1":4,"2":3,"3":3,"4":3,"5":28,"6":4},"b":{"0":[3,1],"1":[1,0],"2":[1,0],"3":[1,0],"4":[4,24]},"meta":{"lastBranch":5,"lastFunction":7,"lastStatement":19,"seen":{"s:5:18:32:Infinity":0,"s:34:6:102:Infinity":1,"f:34:6:34:20":0,"s:35:22:35:Infinity":2,"s:36:18:36:Infinity":3,"s:38:8:61:Infinity":4,"f:38:8:38:24":1,"s:39:23:39:Infinity":5,"s:40:4:40:Infinity":6,"b:42:4:60:Infinity:44:11:60:Infinity":0,"s:42:4:60:Infinity":7,"s:43:6:43:Infinity":8,"f:43:6:43:23":2,"s:43:23:43:57":9,"f:43:23:43:38":3,"s:43:46:43:54":10,"s:46:25:46:Infinity":11,"f:46:51:46:59":4,"s:46:72:46:83":12,"s:49:32:54:Infinity":13,"b:50:36:50:60:50:60:50:65":1,"b:51:31:51:50:51:50:51:55":2,"b:52:38:52:59:52:59:52:64":3,"s:56:6:59:Infinity":14,"s:63:31:63:Infinity":15,"s:65:2:100:Infinity":16,"f:86:44:86:49":5,"s:87:14:95:Infinity":17,"b:89:95:89:108:89:108:89:Infinity":4,"f:90:16:90:31":6,"s:90:31:90:Infinity":18},"fnNames":{}}}
,"C:\\Users\\xrc384\\Desktop\\MyProjects\\Carbon Footprint Awareness\\src\\components\\Profile.css": {"path":"C:\\Users\\xrc384\\Desktop\\MyProjects\\Carbon Footprint Awareness\\src\\components\\Profile.css","statementMap":{},"fnMap":{},"branchMap":{},"s":{},"f":{},"b":{},"meta":{"lastBranch":0,"lastFunction":0,"lastStatement":0,"seen":{},"fnNames":{}}}
,"C:\\Users\\xrc384\\Desktop\\MyProjects\\Carbon Footprint Awareness\\src\\components\\Profile.jsx": {"path":"C:\\Users\\xrc384\\Desktop\\MyProjects\\Carbon Footprint Awareness\\src\\components\\Profile.jsx","statementMap":{"0":{"start":{"line":6,"column":6},"end":{"line":111,"column":null}},"1":{"start":{"line":7,"column":22},"end":{"line":7,"column":null}},"2":{"start":{"line":9,"column":21},"end":{"line":9,"column":null}},"3":{"start":{"line":9,"column":59},"end":{"line":9,"column":87}},"4":{"start":{"line":10,"column":23},"end":{"line":10,"column":null}},"5":{"start":{"line":12,"column":8},"end":{"line":14,"column":null}},"6":{"start":{"line":13,"column":4},"end":{"line":13,"column":null}},"7":{"start":{"line":16,"column":8},"end":{"line":18,"column":null}},"8":{"start":{"line":17,"column":4},"end":{"line":17,"column":null}},"9":{"start":{"line":20,"column":2},"end":{"line":109,"column":null}},"10":{"start":{"line":92,"column":60},"end":{"line":92,"column":90}},"11":{"start":{"line":93,"column":60},"end":{"line":93,"column":91}},"12":{"start":{"line":94,"column":60},"end":{"line":94,"column":85}},"13":{"start":{"line":95,"column":67},"end":{"line":95,"column":99}}},"fnMap":{"0":{"name":"(anonymous_0)","decl":{"start":{"line":6,"column":6},"end":{"line":6,"column":17}},"loc":{"start":{"line":6,"column":101},"end":{"line":111,"column":null}},"line":6},"1":{"name":"(anonymous_1)","decl":{"start":{"line":9,"column":38},"end":{"line":9,"column":46}},"loc":{"start":{"line":9,"column":59},"end":{"line":9,"column":87}},"line":9},"2":{"name":"(anonymous_2)","decl":{"start":{"line":12,"column":8},"end":{"line":12,"column":24}},"loc":{"start":{"line":12,"column":33},"end":{"line":14,"column":null}},"line":12},"3":{"name":"(anonymous_3)","decl":{"start":{"line":16,"column":8},"end":{"line":16,"column":30}},"loc":{"start":{"line":16,"column":30},"end":{"line":18,"column":null}},"line":16},"4":{"name":"(anonymous_4)","decl":{"start":{"line":92,"column":45},"end":{"line":92,"column":60}},"loc":{"start":{"line":92,"column":60},"end":{"line":92,"column":90}},"line":92},"5":{"name":"(anonymous_5)","decl":{"start":{"line":93,"column":45},"end":{"line":93,"column":60}},"loc":{"start":{"line":93,"column":60},"end":{"line":93,"column":91}},"line":93},"6":{"name":"(anonymous_6)","decl":{"start":{"line":94,"column":45},"end":{"line":94,"column":60}},"loc":{"start":{"line":94,"column":60},"end":{"line":94,"column":85}},"line":94},"7":{"name":"(anonymous_7)","decl":{"start":{"line":95,"column":52},"end":{"line":95,"column":67}},"loc":{"start":{"line":95,"column":67},"end":{"line":95,"column":99}},"line":95}},"branchMap":{"0":{"loc":{"start":{"line":10,"column":23},"end":{"line":10,"column":null}},"type":"cond-expr","locations":[{"start":{"line":10,"column":34},"end":{"line":10,"column":69}},{"start":{"line":10,"column":69},"end":{"line":10,"column":null}}],"line":10}},"s":{"0":2,"1":7,"2":7,"3":0,"4":7,"5":7,"6":4,"7":7,"8":0,"9":7,"10":1,"11":1,"12":1,"13":1},"f":{"0":7,"1":0,"2":4,"3":0,"4":1,"5":1,"6":1,"7":1},"b":{"0":[7,0]},"meta":{"lastBranch":1,"lastFunction":8,"lastStatement":14,"seen":{"s:6:6:111:Infinity":0,"f:6:6:6:17":0,"s:7:22:7:Infinity":1,"s:9:21:9:Infinity":2,"f:9:38:9:46":1,"s:9:59:9:87":3,"s:10:23:10:Infinity":4,"b:10:34:10:69:10:69:10:Infinity":0,"s:12:8:14:Infinity":5,"f:12:8:12:24":2,"s:13:4:13:Infinity":6,"s:16:8:18:Infinity":7,"f:16:8:16:30":3,"s:17:4:17:Infinity":8,"s:20:2:109:Infinity":9,"f:92:45:92:60":4,"s:92:60:92:90":10,"f:93:45:93:60":5,"s:93:60:93:91":11,"f:94:45:94:60":6,"s:94:60:94:85":12,"f:95:52:95:67":7,"s:95:67:95:99":13},"fnNames":{}}}
,"C:\\Users\\xrc384\\Desktop\\MyProjects\\Carbon Footprint Awareness\\src\\components\\ScoreCard.css": {"path":"C:\\Users\\xrc384\\Desktop\\MyProjects\\Carbon Footprint Awareness\\src\\components\\ScoreCard.css","statementMap":{},"fnMap":{},"branchMap":{},"s":{},"f":{},"b":{},"meta":{"lastBranch":0,"lastFunction":0,"lastStatement":0,"seen":{},"fnNames":{}}}
,"C:\\Users\\xrc384\\Desktop\\MyProjects\\Carbon Footprint Awareness\\src\\components\\ScoreCard.jsx": {"path":"C:\\Users\\xrc384\\Desktop\\MyProjects\\Carbon Footprint Awareness\\src\\components\\ScoreCard.jsx","statementMap":{"0":{"start":{"line":6,"column":6},"end":{"line":48,"column":null}},"1":{"start":{"line":7,"column":8},"end":{"line":7,"column":null}},"2":{"start":{"line":9,"column":2},"end":{"line":46,"column":null}},"3":{"start":{"line":50,"column":0},"end":{"line":53,"column":null}}},"fnMap":{"0":{"name":"(anonymous_0)","decl":{"start":{"line":6,"column":6},"end":{"line":6,"column":19}},"loc":{"start":{"line":6,"column":60},"end":{"line":48,"column":null}},"line":6}},"branchMap":{"0":{"loc":{"start":{"line":6,"column":21},"end":{"line":6,"column":34}},"type":"default-arg","locations":[{"start":{"line":6,"column":29},"end":{"line":6,"column":34}}],"line":6},"1":{"loc":{"start":{"line":6,"column":34},"end":{"line":6,"column":60}},"type":"default-arg","locations":[{"start":{"line":6,"column":50},"end":{"line":6,"column":60}}],"line":6}},"s":{"0":3,"1":8,"2":8,"3":3},"f":{"0":8},"b":{"0":[8],"1":[8]},"meta":{"lastBranch":2,"lastFunction":1,"lastStatement":4,"seen":{"s:6:6:48:Infinity":0,"f:6:6:6:19":0,"b:6:29:6:34":0,"b:6:50:6:60":1,"s:7:8:7:Infinity":1,"s:9:2:46:Infinity":2,"s:50:0:53:Infinity":3},"fnNames":{}}}
,"C:\\Users\\xrc384\\Desktop\\MyProjects\\Carbon Footprint Awareness\\src\\components\\SettingsModal.css": {"path":"C:\\Users\\xrc384\\Desktop\\MyProjects\\Carbon Footprint Awareness\\src\\components\\SettingsModal.css","statementMap":{},"fnMap":{},"branchMap":{},"s":{},"f":{},"b":{},"meta":{"lastBranch":0,"lastFunction":0,"lastStatement":0,"seen":{},"fnNames":{}}}
,"C:\\Users\\xrc384\\Desktop\\MyProjects\\Carbon Footprint Awareness\\src\\components\\SettingsModal.jsx": {"path":"C:\\Users\\xrc384\\Desktop\\MyProjects\\Carbon Footprint Awareness\\src\\components\\SettingsModal.jsx","statementMap":{"0":{"start":{"line":5,"column":6},"end":{"line":116,"column":null}},"1":{"start":{"line":6,"column":20},"end":{"line":6,"column":null}},"2":{"start":{"line":7,"column":24},"end":{"line":7,"column":null}},"3":{"start":{"line":8,"column":18},"end":{"line":8,"column":null}},"4":{"start":{"line":11,"column":2},"end":{"line":18,"column":null}},"5":{"start":{"line":12,"column":4},"end":{"line":17,"column":null}},"6":{"start":{"line":14,"column":6},"end":{"line":14,"column":null}},"7":{"start":{"line":15,"column":6},"end":{"line":15,"column":null}},"8":{"start":{"line":16,"column":6},"end":{"line":16,"column":null}},"9":{"start":{"line":20,"column":2},"end":{"line":20,"column":null}},"10":{"start":{"line":20,"column":15},"end":{"line":20,"column":null}},"11":{"start":{"line":22,"column":8},"end":{"line":31,"column":null}},"12":{"start":{"line":23,"column":4},"end":{"line":29,"column":null}},"13":{"start":{"line":24,"column":6},"end":{"line":24,"column":null}},"14":{"start":{"line":25,"column":11},"end":{"line":29,"column":null}},"15":{"start":{"line":26,"column":6},"end":{"line":26,"column":null}},"16":{"start":{"line":27,"column":11},"end":{"line":29,"column":null}},"17":{"start":{"line":28,"column":6},"end":{"line":28,"column":null}},"18":{"start":{"line":30,"column":4},"end":{"line":30,"column":null}},"19":{"start":{"line":33,"column":2},"end":{"line":114,"column":null}},"20":{"start":{"line":35,"column":65},"end":{"line":35,"column":null}},"21":{"start":{"line":54,"column":33},"end":{"line":54,"column":null}},"22":{"start":{"line":68,"column":35},"end":{"line":68,"column":null}},"23":{"start":{"line":84,"column":35},"end":{"line":84,"column":null}}},"fnMap":{"0":{"name":"(anonymous_0)","decl":{"start":{"line":5,"column":6},"end":{"line":5,"column":23}},"loc":{"start":{"line":5,"column":157},"end":{"line":116,"column":null}},"line":5},"1":{"name":"(anonymous_1)","decl":{"start":{"line":11,"column":2},"end":{"line":11,"column":18}},"loc":{"start":{"line":11,"column":18},"end":{"line":18,"column":5}},"line":11},"2":{"name":"(anonymous_2)","decl":{"start":{"line":22,"column":8},"end":{"line":22,"column":27}},"loc":{"start":{"line":22,"column":27},"end":{"line":31,"column":null}},"line":22},"3":{"name":"(anonymous_3)","decl":{"start":{"line":35,"column":49},"end":{"line":35,"column":59}},"loc":{"start":{"line":35,"column":65},"end":{"line":35,"column":null}},"line":35},"4":{"name":"(anonymous_4)","decl":{"start":{"line":54,"column":16},"end":{"line":54,"column":27}},"loc":{"start":{"line":54,"column":33},"end":{"line":54,"column":null}},"line":54},"5":{"name":"(anonymous_5)","decl":{"start":{"line":68,"column":18},"end":{"line":68,"column":29}},"loc":{"start":{"line":68,"column":35},"end":{"line":68,"column":null}},"line":68},"6":{"name":"(anonymous_6)","decl":{"start":{"line":84,"column":18},"end":{"line":84,"column":29}},"loc":{"start":{"line":84,"column":35},"end":{"line":84,"column":null}},"line":84}},"branchMap":{"0":{"loc":{"start":{"line":5,"column":80},"end":{"line":5,"column":136}},"type":"default-arg","locations":[{"start":{"line":5,"column":95},"end":{"line":5,"column":136}}],"line":5},"1":{"loc":{"start":{"line":12,"column":4},"end":{"line":17,"column":null}},"type":"if","locations":[{"start":{"line":12,"column":4},"end":{"line":17,"column":null}},{"start":{},"end":{}}],"line":12},"2":{"loc":{"start":{"line":15,"column":23},"end":{"line":15,"column":58}},"type":"binary-expr","locations":[{"start":{"line":15,"column":23},"end":{"line":15,"column":54}},{"start":{"line":15,"column":54},"end":{"line":15,"column":58}}],"line":15},"3":{"loc":{"start":{"line":16,"column":17},"end":{"line":16,"column":47}},"type":"binary-expr","locations":[{"start":{"line":16,"column":17},"end":{"line":16,"column":42}},{"start":{"line":16,"column":42},"end":{"line":16,"column":47}}],"line":16},"4":{"loc":{"start":{"line":20,"column":2},"end":{"line":20,"column":null}},"type":"if","locations":[{"start":{"line":20,"column":2},"end":{"line":20,"column":null}},{"start":{},"end":{}}],"line":20},"5":{"loc":{"start":{"line":23,"column":4},"end":{"line":29,"column":null}},"type":"if","locations":[{"start":{"line":23,"column":4},"end":{"line":29,"column":null}},{"start":{"line":25,"column":11},"end":{"line":29,"column":null}}],"line":23},"6":{"loc":{"start":{"line":23,"column":8},"end":{"line":23,"column":67}},"type":"binary-expr","locations":[{"start":{"line":23,"column":8},"end":{"line":23,"column":42}},{"start":{"line":23,"column":42},"end":{"line":23,"column":67}}],"line":23},"7":{"loc":{"start":{"line":25,"column":11},"end":{"line":29,"column":null}},"type":"if","locations":[{"start":{"line":25,"column":11},"end":{"line":29,"column":null}},{"start":{"line":27,"column":11},"end":{"line":29,"column":null}}],"line":25},"8":{"loc":{"start":{"line":27,"column":11},"end":{"line":29,"column":null}},"type":"if","locations":[{"start":{"line":27,"column":11},"end":{"line":29,"column":null}},{"start":{},"end":{}}],"line":27},"9":{"loc":{"start":{"line":38,"column":13},"end":{"line":38,"column":null}},"type":"binary-expr","locations":[{"start":{"line":38,"column":13},"end":{"line":38,"column":47}},{"start":{"line":38,"column":47},"end":{"line":38,"column":null}}],"line":38},"10":{"loc":{"start":{"line":39,"column":13},"end":{"line":39,"column":null}},"type":"binary-expr","locations":[{"start":{"line":39,"column":13},"end":{"line":39,"column":48}},{"start":{"line":39,"column":48},"end":{"line":39,"column":null}}],"line":39},"11":{"loc":{"start":{"line":40,"column":13},"end":{"line":40,"column":null}},"type":"binary-expr","locations":[{"start":{"line":40,"column":13},"end":{"line":40,"column":42}},{"start":{"line":40,"column":42},"end":{"line":40,"column":null}}],"line":40},"12":{"loc":{"start":{"line":41,"column":13},"end":{"line":41,"column":null}},"type":"binary-expr","locations":[{"start":{"line":41,"column":13},"end":{"line":41,"column":49}},{"start":{"line":41,"column":49},"end":{"line":41,"column":null}}],"line":41},"13":{"loc":{"start":{"line":47,"column":11},"end":{"line":58,"column":null}},"type":"binary-expr","locations":[{"start":{"line":47,"column":11},"end":{"line":47,"column":null}},{"start":{"line":48,"column":12},"end":{"line":58,"column":null}}],"line":47},"14":{"loc":{"start":{"line":61,"column":11},"end":{"line":74,"column":null}},"type":"binary-expr","locations":[{"start":{"line":61,"column":11},"end":{"line":61,"column":null}},{"start":{"line":62,"column":12},"end":{"line":74,"column":null}}],"line":61},"15":{"loc":{"start":{"line":77,"column":11},"end":{"line":90,"column":null}},"type":"binary-expr","locations":[{"start":{"line":77,"column":11},"end":{"line":77,"column":null}},{"start":{"line":78,"column":12},"end":{"line":90,"column":null}}],"line":77},"16":{"loc":{"start":{"line":93,"column":11},"end":{"line":98,"column":null}},"type":"binary-expr","locations":[{"start":{"line":93,"column":11},"end":{"line":93,"column":null}},{"start":{"line":94,"column":12},"end":{"line":98,"column":null}}],"line":93},"17":{"loc":{"start":{"line":105,"column":11},"end":{"line":112,"column":null}},"type":"cond-expr","locations":[{"start":{"line":106,"column":12},"end":{"line":108,"column":13}},{"start":{"line":108,"column":12},"end":{"line":112,"column":null}}],"line":105}},"s":{"0":3,"1":17,"2":17,"3":17,"4":17,"5":9,"6":6,"7":6,"8":6,"9":17,"10":3,"11":14,"12":3,"13":1,"14":2,"15":1,"16":1,"17":1,"18":3,"19":14,"20":4,"21":1,"22":0,"23":0},"f":{"0":17,"1":9,"2":3,"3":4,"4":1,"5":0,"6":0},"b":{"0":[17],"1":[6,3],"2":[6,1],"3":[6,1],"4":[3,14],"5":[1,2],"6":[3,1],"7":[1,1],"8":[1,0],"9":[14,5],"10":[17,4],"11":[17,3],"12":[17,2],"13":[17,5],"14":[17,4],"15":[17,3],"16":[17,2],"17":[2,12]},"meta":{"lastBranch":18,"lastFunction":7,"lastStatement":24,"seen":{"s:5:6:116:Infinity":0,"f:5:6:5:23":0,"b:5:95:5:136":0,"s:6:20:6:Infinity":1,"s:7:24:7:Infinity":2,"s:8:18:8:Infinity":3,"s:11:2:18:Infinity":4,"f:11:2:11:18":1,"b:12:4:17:Infinity:undefined:undefined:undefined:undefined":1,"s:12:4:17:Infinity":5,"s:14:6:14:Infinity":6,"s:15:6:15:Infinity":7,"b:15:23:15:54:15:54:15:58":2,"s:16:6:16:Infinity":8,"b:16:17:16:42:16:42:16:47":3,"b:20:2:20:Infinity:undefined:undefined:undefined:undefined":4,"s:20:2:20:Infinity":9,"s:20:15:20:Infinity":10,"s:22:8:31:Infinity":11,"f:22:8:22:27":2,"b:23:4:29:Infinity:25:11:29:Infinity":5,"s:23:4:29:Infinity":12,"b:23:8:23:42:23:42:23:67":6,"s:24:6:24:Infinity":13,"b:25:11:29:Infinity:27:11:29:Infinity":7,"s:25:11:29:Infinity":14,"s:26:6:26:Infinity":15,"b:27:11:29:Infinity:undefined:undefined:undefined:undefined":8,"s:27:11:29:Infinity":16,"s:28:6:28:Infinity":17,"s:30:4:30:Infinity":18,"s:33:2:114:Infinity":19,"f:35:49:35:59":3,"s:35:65:35:Infinity":20,"b:38:13:38:47:38:47:38:Infinity":9,"b:39:13:39:48:39:48:39:Infinity":10,"b:40:13:40:42:40:42:40:Infinity":11,"b:41:13:41:49:41:49:41:Infinity":12,"b:47:11:47:Infinity:48:12:58:Infinity":13,"f:54:16:54:27":4,"s:54:33:54:Infinity":21,"b:61:11:61:Infinity:62:12:74:Infinity":14,"f:68:18:68:29":5,"s:68:35:68:Infinity":22,"b:77:11:77:Infinity:78:12:90:Infinity":15,"f:84:18:84:29":6,"s:84:35:84:Infinity":23,"b:93:11:93:Infinity:94:12:98:Infinity":16,"b:106:12:108:13:108:12:112:Infinity":17},"fnNames":{}}}
}
